# JRE version: OpenJDK Runtime Environment Temurin-21.0.10+7 (21.0.10+7) (build 21.0.10+7-LTS)
# Java VM: OpenJDK 64-Bit Server VM Temurin-21.0.10+7 (21.0.10+7-LTS, mixed mode, sharing, tiered, compressed oops, compressed class ptrs, g1 gc, windows-amd64)
GC Precious Log:
 CardTable entry size: 512
 Card Set container configuration: InlinePtr #cards 4 size 8 Array Of Cards #cards 32 size 80 Howl #buckets 8 coarsen threshold 7372 Howl Bitmap #cards 1024 size 144 coarsen threshold 921 Card regions per heap region 1 cards per card region 8192
 CPUs: 8 total, 8 available
 Memory: 12028M
 Large Page Support: Disabled
 NUMA Support: Disabled
 Compressed Oops: Enabled (Zero based)
 Heap Region Size: 4M
 Heap Min Capacity: 8M
 Heap Initial Capacity: 188M
 Heap Max Capacity: 8G
 Pre-touch: Disabled
 Parallel Workers: 8
 Concurrent Workers: 2
 Concurrent Refinement Workers: 8
 Periodic GC: Disabled
Heap:
 garbage-first heap   total 245760K, used 145258K [0x0000000600000000, 0x0000000800000000)
  region size 4096K, 1 young (4096K), 1 survivors (4096K)
 Metaspace       used 104765K, committed 107328K, reserved 1179648K
  class space    used 14859K, committed 16128K, reserved 1048576K
GC Heap History (20 events):
Event: 427.982 GC heap after
{Heap after GC invocations=31 (full 0):
 garbage-first heap   total 180224K, used 103623K [0x0000000600000000, 0x0000000800000000)
  region size 4096K, 2 young (8192K), 2 survivors (8192K)
 Metaspace       used 93256K, committed 95424K, reserved 1179648K
  class space    used 13181K, committed 14272K, reserved 1048576K
}
Event: 430.124 GC heap before
{Heap before GC invocations=31 (full 0):
 garbage-first heap   total 180224K, used 160967K [0x0000000600000000, 0x0000000800000000)
  region size 4096K, 16 young (65536K), 2 survivors (8192K)
 Metaspace       used 97405K, committed 99648K, reserved 1179648K
  class space    used 13886K, committed 15040K, reserved 1048576K
}
Event: 430.137 GC heap after
{Heap after GC invocations=32 (full 0):
 garbage-first heap   total 180224K, used 106016K [0x0000000600000000, 0x0000000800000000)
  region size 4096K, 2 young (8192K), 2 survivors (8192K)
 Metaspace       used 97405K, committed 99648K, reserved 1179648K
  class space    used 13886K, committed 15040K, reserved 1048576K
}
Event: 432.925 GC heap before
{Heap before GC invocations=33 (full 0):
 garbage-first heap   total 184320K, used 163360K [0x0000000600000000, 0x0000000800000000)
  region size 4096K, 16 young (65536K), 2 survivors (8192K)
 Metaspace       used 100271K, committed 102528K, reserved 1179648K
  class space    used 14286K, committed 15424K, reserved 1048576K
}
Event: 432.941 GC heap after
{Heap after GC invocations=34 (full 0):
 garbage-first heap   total 184320K, used 108385K [0x0000000600000000, 0x0000000800000000)
  region size 4096K, 2 young (8192K), 2 survivors (8192K)
 Metaspace       used 100271K, committed 102528K, reserved 1179648K
  class space    used 14286K, committed 15424K, reserved 1048576K
}
Event: 454.080 GC heap before
{Heap before GC invocations=34 (full 0):
 garbage-first heap   total 184320K, used 169825K [0x0000000600000000, 0x0000000800000000)
  region size 4096K, 17 young (69632K), 2 survivors (8192K)
 Metaspace       used 101117K, committed 103424K, reserved 1179648K
  class space    used 14362K, committed 15552K, reserved 1048576K
}
Event: 454.100 GC heap after
{Heap after GC invocations=35 (full 0):
 garbage-first heap   total 188416K, used 111706K [0x0000000600000000, 0x0000000800000000)
  region size 4096K, 3 young (12288K), 3 survivors (12288K)
 Metaspace       used 101117K, committed 103424K, reserved 1179648K
  class space    used 14362K, committed 15552K, reserved 1048576K
}
Event: 463.114 GC heap before
{Heap before GC invocations=35 (full 0):
 garbage-first heap   total 188416K, used 169050K [0x0000000600000000, 0x0000000800000000)
  region size 4096K, 18 young (73728K), 3 survivors (12288K)
 Metaspace       used 102612K, committed 104960K, reserved 1179648K
  class space    used 14612K, committed 15808K, reserved 1048576K
}
Event: 463.135 GC heap after
{Heap after GC invocations=36 (full 0):
 garbage-first heap   total 200704K, used 123592K [0x0000000600000000, 0x0000000800000000)
  region size 4096K, 3 young (12288K), 3 survivors (12288K)
 Metaspace       used 102612K, committed 104960K, reserved 1179648K
  class space    used 14612K, committed 15808K, reserved 1048576K
}
Event: 472.653 GC heap before
{Heap before GC invocations=37 (full 0):
 garbage-first heap   total 212992K, used 176840K [0x0000000600000000, 0x0000000800000000)
  region size 4096K, 16 young (65536K), 3 survivors (12288K)
 Metaspace       used 103132K, committed 105536K, reserved 1179648K
  class space    used 14658K, committed 15872K, reserved 1048576K
}
Event: 472.667 GC heap after
{Heap after GC invocations=38 (full 0):
 garbage-first heap   total 212992K, used 132801K [0x0000000600000000, 0x0000000800000000)
  region size 4096K, 2 young (8192K), 2 survivors (8192K)
 Metaspace       used 103132K, committed 105536K, reserved 1179648K
  class space    used 14658K, committed 15872K, reserved 1048576K
}
Event: 549.743 GC heap before
{Heap before GC invocations=38 (full 0):
 garbage-first heap   total 212992K, used 181953K [0x0000000600000000, 0x0000000800000000)
  region size 4096K, 15 young (61440K), 2 survivors (8192K)
 Metaspace       used 104328K, committed 106816K, reserved 1179648K
  class space    used 14807K, committed 16064K, reserved 1048576K
}
Event: 559.243 GC heap after
{Heap after GC invocations=39 (full 0):
 garbage-first heap   total 212992K, used 138137K [0x0000000600000000, 0x0000000800000000)
  region size 4096K, 2 young (8192K), 2 survivors (8192K)
 Metaspace       used 104328K, committed 106816K, reserved 1179648K
  class space    used 14807K, committed 16064K, reserved 1048576K
}
Event: 679.174 GC heap before
{Heap before GC invocations=39 (full 0):
 garbage-first heap   total 212992K, used 187289K [0x0000000600000000, 0x0000000800000000)
  region size 4096K, 14 young (57344K), 2 survivors (8192K)
 Metaspace       used 104687K, committed 107264K, reserved 1179648K
  class space    used 14849K, committed 16128K, reserved 1048576K
}
Event: 681.632 GC heap after
{Heap after GC invocations=40 (full 0):
 garbage-first heap   total 212992K, used 143956K [0x0000000600000000, 0x0000000800000000)
  region size 4096K, 2 young (8192K), 2 survivors (8192K)
 Metaspace       used 104687K, committed 107264K, reserved 1179648K
  class space    used 14849K, committed 16128K, reserved 1048576K
}
Event: 709.941 GC heap before
{Heap before GC invocations=40 (full 0):
 garbage-first heap   total 245760K, used 148052K [0x0000000600000000, 0x0000000800000000)
  region size 4096K, 3 young (12288K), 2 survivors (8192K)
 Metaspace       used 104716K, committed 107264K, reserved 1179648K
  class space    used 14854K, committed 16128K, reserved 1048576K
}
Event: 711.488 GC heap after
{Heap after GC invocations=41 (full 0):
 garbage-first heap   total 245760K, used 145497K [0x0000000600000000, 0x0000000800000000)
  region size 4096K, 1 young (4096K), 1 survivors (4096K)
 Metaspace       used 104716K, committed 107264K, reserved 1179648K
  class space    used 14854K, committed 16128K, reserved 1048576K
}
Event: 722.859 GC heap before
{Heap before GC invocations=42 (full 0):
 garbage-first heap   total 245760K, used 153689K [0x0000000600000000, 0x0000000800000000)
  region size 4096K, 3 young (12288K), 1 survivors (4096K)
 Metaspace       used 104723K, committed 107264K, reserved 1179648K
  class space    used 14854K, committed 16128K, reserved 1048576K
}
Event: 723.229 GC heap after
{Heap after GC invocations=43 (full 0):
 garbage-first heap   total 245760K, used 145812K [0x0000000600000000, 0x0000000800000000)
  region size 4096K, 1 young (4096K), 1 survivors (4096K)
 Metaspace       used 104723K, committed 107264K, reserved 1179648K
  class space    used 14854K, committed 16128K, reserved 1048576K
}
Event: 772.239 GC heap before
{Heap before GC invocations=43 (full 0):
 garbage-first heap   total 245760K, used 154004K [0x0000000600000000, 0x0000000800000000)
  region size 4096K, 3 young (12288K), 1 survivors (4096K)
 Metaspace       used 104765K, committed 107328K, reserved 1179648K
  class space    used 14859K, committed 16128K, reserved 1048576K
}

